This is pdfTeX, Version 3.141592653-2.6-1.40.25 (MiKTeX 23.10) (preloaded format=pdflatex 2023.10.31)  17 NOV 2023 01:37
entering extended mode
 restricted \write18 enabled.
 %&-line parsing enabled.
**"./Computational Methods Assignment.tex"
(Computational Methods Assignment.tex
LaTeX2e <2023-06-01> patch level 1
L3 programming layer <2023-08-29>
(C:\Users\maste\AppData\Local\Programs\MiKTeX\tex/latex/base\article.cls
Document Class: article 2023/05/17 v1.4n Standard LaTeX document class
(C:\Users\maste\AppData\Local\Programs\MiKTeX\tex/latex/base\size10.clo
File: size10.clo 2023/05/17 v1.4n Standard LaTeX file (size option)
)
\c@part=\count185
\c@section=\count186
\c@subsection=\count187
\c@subsubsection=\count188
\c@paragraph=\count189
\c@subparagraph=\count190
\c@figure=\count191
\c@table=\count192
\abovecaptionskip=\skip48
\belowcaptionskip=\skip49
\bibindent=\dimen140
)
(C:\Users\maste\AppData\Local\Programs\MiKTeX\tex/latex/amsmath\amsmath.sty
Package: amsmath 2023/05/13 v2.17o AMS math features
\@mathmargin=\skip50

For additional information on amsmath, use the `?' option.
(C:\Users\maste\AppData\Local\Programs\MiKTeX\tex/latex/amsmath\amstext.sty
Package: amstext 2021/08/26 v2.01 AMS text

(C:\Users\maste\AppData\Local\Programs\MiKTeX\tex/latex/amsmath\amsgen.sty
File: amsgen.sty 1999/11/30 v2.0 generic functions
\@emptytoks=\toks17
\ex@=\dimen141
))
(C:\Users\maste\AppData\Local\Programs\MiKTeX\tex/latex/amsmath\amsbsy.sty
Package: amsbsy 1999/11/29 v1.2d Bold Symbols
\pmbraise@=\dimen142
)
(C:\Users\maste\AppData\Local\Programs\MiKTeX\tex/latex/amsmath\amsopn.sty
Package: amsopn 2022/04/08 v2.04 operator names
)
\inf@bad=\count193
LaTeX Info: Redefining \frac on input line 234.
\uproot@=\count194
\leftroot@=\count195
LaTeX Info: Redefining \overline on input line 399.
LaTeX Info: Redefining \colon on input line 410.
\classnum@=\count196
\DOTSCASE@=\count197
LaTeX Info: Redefining \ldots on input line 496.
LaTeX Info: Redefining \dots on input line 499.
LaTeX Info: Redefining \cdots on input line 620.
\Mathstrutbox@=\box51
\strutbox@=\box52
LaTeX Info: Redefining \big on input line 722.
LaTeX Info: Redefining \Big on input line 723.
LaTeX Info: Redefining \bigg on input line 724.
LaTeX Info: Redefining \Bigg on input line 725.
\big@size=\dimen143
LaTeX Font Info:    Redeclaring font encoding OML on input line 743.
LaTeX Font Info:    Redeclaring font encoding OMS on input line 744.
\macc@depth=\count198
LaTeX Info: Redefining \bmod on input line 905.
LaTeX Info: Redefining \pmod on input line 910.
LaTeX Info: Redefining \smash on input line 940.
LaTeX Info: Redefining \relbar on input line 970.
LaTeX Info: Redefining \Relbar on input line 971.
\c@MaxMatrixCols=\count199
\dotsspace@=\muskip16
\c@parentequation=\count266
\dspbrk@lvl=\count267
\tag@help=\toks18
\row@=\count268
\column@=\count269
\maxfields@=\count270
\andhelp@=\toks19
\eqnshift@=\dimen144
\alignsep@=\dimen145
\tagshift@=\dimen146
\tagwidth@=\dimen147
\totwidth@=\dimen148
\lineht@=\dimen149
\@envbody=\toks20
\multlinegap=\skip51
\multlinetaggap=\skip52
\mathdisplay@stack=\toks21
LaTeX Info: Redefining \[ on input line 2953.
LaTeX Info: Redefining \] on input line 2954.
)
(C:\Users\maste\AppData\Local\Programs\MiKTeX\tex/latex/amsfonts\amssymb.sty
Package: amssymb 2013/01/14 v3.01 AMS font symbols

(C:\Users\maste\AppData\Local\Programs\MiKTeX\tex/latex/amsfonts\amsfonts.sty
Package: amsfonts 2013/01/14 v3.01 Basic AMSFonts support
\symAMSa=\mathgroup4
\symAMSb=\mathgroup5
LaTeX Font Info:    Redeclaring math symbol \hbar on input line 98.
LaTeX Font Info:    Overwriting math alphabet `\mathfrak' in version `bold'
(Font)                  U/euf/m/n --> U/euf/b/n on input line 106.
)) (C:\Users\maste\AppData\Local\Programs\MiKTeX\tex/generic/iftex\iftex.sty
Package: iftex 2022/02/03 v1.0f TeX engine tests
)
(C:\Users\maste\AppData\Local\Programs\MiKTeX\tex/latex/base\fontenc.sty
Package: fontenc 2021/04/29 v2.0v Standard LaTeX package
)
(C:\Users\maste\AppData\Local\Programs\MiKTeX\tex/latex/base\inputenc.sty
Package: inputenc 2021/02/14 v1.3d Input encoding file
\inpenc@prehook=\toks22
\inpenc@posthook=\toks23
)
(C:\Users\maste\AppData\Local\Programs\MiKTeX\tex/latex/base\textcomp.sty
Package: textcomp 2020/02/02 v2.0n Standard LaTeX package
)
(C:\Users\maste\AppData\Local\Programs\MiKTeX\tex/latex/lm\lmodern.sty
Package: lmodern 2015/05/01 v1.6.1 Latin Modern Fonts
LaTeX Font Info:    Overwriting symbol font `operators' in version `normal'
(Font)                  OT1/cmr/m/n --> OT1/lmr/m/n on input line 22.
LaTeX Font Info:    Overwriting symbol font `letters' in version `normal'
(Font)                  OML/cmm/m/it --> OML/lmm/m/it on input line 23.
LaTeX Font Info:    Overwriting symbol font `symbols' in version `normal'
(Font)                  OMS/cmsy/m/n --> OMS/lmsy/m/n on input line 24.
LaTeX Font Info:    Overwriting symbol font `largesymbols' in version `normal'
(Font)                  OMX/cmex/m/n --> OMX/lmex/m/n on input line 25.
LaTeX Font Info:    Overwriting symbol font `operators' in version `bold'
(Font)                  OT1/cmr/bx/n --> OT1/lmr/bx/n on input line 26.
LaTeX Font Info:    Overwriting symbol font `letters' in version `bold'
(Font)                  OML/cmm/b/it --> OML/lmm/b/it on input line 27.
LaTeX Font Info:    Overwriting symbol font `symbols' in version `bold'
(Font)                  OMS/cmsy/b/n --> OMS/lmsy/b/n on input line 28.
LaTeX Font Info:    Overwriting symbol font `largesymbols' in version `bold'
(Font)                  OMX/cmex/m/n --> OMX/lmex/m/n on input line 29.
LaTeX Font Info:    Overwriting math alphabet `\mathbf' in version `normal'
(Font)                  OT1/cmr/bx/n --> OT1/lmr/bx/n on input line 31.
LaTeX Font Info:    Overwriting math alphabet `\mathsf' in version `normal'
(Font)                  OT1/cmss/m/n --> OT1/lmss/m/n on input line 32.
LaTeX Font Info:    Overwriting math alphabet `\mathit' in version `normal'
(Font)                  OT1/cmr/m/it --> OT1/lmr/m/it on input line 33.
LaTeX Font Info:    Overwriting math alphabet `\mathtt' in version `normal'
(Font)                  OT1/cmtt/m/n --> OT1/lmtt/m/n on input line 34.
LaTeX Font Info:    Overwriting math alphabet `\mathbf' in version `bold'
(Font)                  OT1/cmr/bx/n --> OT1/lmr/bx/n on input line 35.
LaTeX Font Info:    Overwriting math alphabet `\mathsf' in version `bold'
(Font)                  OT1/cmss/bx/n --> OT1/lmss/bx/n on input line 36.
LaTeX Font Info:    Overwriting math alphabet `\mathit' in version `bold'
(Font)                  OT1/cmr/bx/it --> OT1/lmr/bx/it on input line 37.
LaTeX Font Info:    Overwriting math alphabet `\mathtt' in version `bold'
(Font)                  OT1/cmtt/m/n --> OT1/lmtt/m/n on input line 38.
)
(C:\Users\maste\AppData\Local\Programs\MiKTeX\tex/latex/upquote\upquote.sty
Package: upquote 2012/04/19 v1.3 upright-quote and grave-accent glyphs in verba
tim
)
(C:\Users\maste\AppData\Local\Programs\MiKTeX\tex/latex/microtype\microtype.sty
Package: microtype 2023/03/13 v3.1a Micro-typographical refinements (RS)
(C:\Users\maste\AppData\Local\Programs\MiKTeX\tex/latex/graphics\keyval.sty
Package: keyval 2022/05/29 v1.15 key=value parser (DPC)
\KV@toks@=\toks24
)
(C:\Users\maste\AppData\Local\Programs\MiKTeX\tex/latex/etoolbox\etoolbox.sty
Package: etoolbox 2020/10/05 v2.5k e-TeX tools for LaTeX (JAW)
\etb@tempcnta=\count271
)
\MT@toks=\toks25
\MT@tempbox=\box53
\MT@count=\count272
LaTeX Info: Redefining \noprotrusionifhmode on input line 1059.
LaTeX Info: Redefining \leftprotrusion on input line 1060.
\MT@prot@toks=\toks26
LaTeX Info: Redefining \rightprotrusion on input line 1078.
LaTeX Info: Redefining \textls on input line 1368.
\MT@outer@kern=\dimen150
LaTeX Info: Redefining \textmicrotypecontext on input line 1988.
\MT@listname@count=\count273

(C:\Users\maste\AppData\Local\Programs\MiKTeX\tex/latex/microtype\microtype-pdf
tex.def
File: microtype-pdftex.def 2023/03/13 v3.1a Definitions specific to pdftex (RS)

LaTeX Info: Redefining \lsstyle on input line 902.
LaTeX Info: Redefining \lslig on input line 902.
\MT@outer@space=\skip53
)
Package microtype Info: Loading configuration file microtype.cfg.

(C:\Users\maste\AppData\Local\Programs\MiKTeX\tex/latex/microtype\microtype.cfg
File: microtype.cfg 2023/03/13 v3.1a microtype main configuration file (RS)
)) (C:\Users\maste\AppData\Local\Programs\MiKTeX\tex/latex/parskip\parskip.sty
Package: parskip 2021-03-14 v2.0h non-zero parskip adjustments

(C:\Users\maste\AppData\Local\Programs\MiKTeX\tex/latex/kvoptions\kvoptions.sty
Package: kvoptions 2022-06-15 v3.15 Key value format for package options (HO)
(C:\Users\maste\AppData\Local\Programs\MiKTeX\tex/generic/ltxcmds\ltxcmds.sty
Package: ltxcmds 2020-05-10 v1.25 LaTeX kernel commands for general use (HO)
)
(C:\Users\maste\AppData\Local\Programs\MiKTeX\tex/latex/kvsetkeys\kvsetkeys.sty
Package: kvsetkeys 2022-10-05 v1.19 Key value parser (HO)
))) (C:\Users\maste\AppData\Local\Programs\MiKTeX\tex/latex/xcolor\xcolor.sty
Package: xcolor 2022/06/12 v2.14 LaTeX color extensions (UK)

(C:\Users\maste\AppData\Local\Programs\MiKTeX\tex/latex/graphics-cfg\color.cfg
File: color.cfg 2016/01/02 v1.6 sample color configuration
)
Package xcolor Info: Driver file: pdftex.def on input line 227.

(C:\Users\maste\AppData\Local\Programs\MiKTeX\tex/latex/graphics-def\pdftex.def
File: pdftex.def 2022/09/22 v1.2b Graphics/color driver for pdftex
)
(C:\Users\maste\AppData\Local\Programs\MiKTeX\tex/latex/graphics\mathcolor.ltx)
Package xcolor Info: Model `cmy' substituted by `cmy0' on input line 1353.
Package xcolor Info: Model `hsb' substituted by `rgb' on input line 1357.
Package xcolor Info: Model `RGB' extended on input line 1369.
Package xcolor Info: Model `HTML' substituted by `rgb' on input line 1371.
Package xcolor Info: Model `Hsb' substituted by `hsb' on input line 1372.
Package xcolor Info: Model `tHsb' substituted by `hsb' on input line 1373.
Package xcolor Info: Model `HSB' substituted by `hsb' on input line 1374.
Package xcolor Info: Model `Gray' substituted by `gray' on input line 1375.
Package xcolor Info: Model `wave' substituted by `hsb' on input line 1376.
) (C:\Users\maste\AppData\Local\Programs\MiKTeX\tex/latex/geometry\geometry.sty
Package: geometry 2020/01/02 v5.9 Page Geometry
(C:\Users\maste\AppData\Local\Programs\MiKTeX\tex/generic/iftex\ifvtex.sty
Package: ifvtex 2019/10/25 v1.7 ifvtex legacy package. Use iftex instead.
)
\Gm@cnth=\count274
\Gm@cntv=\count275
\c@Gm@tempcnt=\count276
\Gm@bindingoffset=\dimen151
\Gm@wd@mp=\dimen152
\Gm@odd@mp=\dimen153
\Gm@even@mp=\dimen154
\Gm@layoutwidth=\dimen155
\Gm@layoutheight=\dimen156
\Gm@layouthoffset=\dimen157
\Gm@layoutvoffset=\dimen158
\Gm@dimlist=\toks27

(C:\Users\maste\AppData\Local\Programs\MiKTeX\tex/latex/geometry\geometry.cfg))
(C:\Users\maste\AppData\Local\Programs\MiKTeX\tex/latex/tools\longtable.sty
Package: longtable 2021-09-01 v4.17 Multi-page Table package (DPC)
\LTleft=\skip54
\LTright=\skip55
\LTpre=\skip56
\LTpost=\skip57
\LTchunksize=\count277
\LTcapwidth=\dimen159
\LT@head=\box54
\LT@firsthead=\box55
\LT@foot=\box56
\LT@lastfoot=\box57
\LT@gbox=\box58
\LT@cols=\count278
\LT@rows=\count279
\c@LT@tables=\count280
\c@LT@chunks=\count281
\LT@p@ftn=\toks28
)
(C:\Users\maste\AppData\Local\Programs\MiKTeX\tex/latex/booktabs\booktabs.sty
Package: booktabs 2020/01/12 v1.61803398 Publication quality tables
\heavyrulewidth=\dimen160
\lightrulewidth=\dimen161
\cmidrulewidth=\dimen162
\belowrulesep=\dimen163
\belowbottomsep=\dimen164
\aboverulesep=\dimen165
\abovetopsep=\dimen166
\cmidrulesep=\dimen167
\cmidrulekern=\dimen168
\defaultaddspace=\dimen169
\@cmidla=\count282
\@cmidlb=\count283
\@aboverulesep=\dimen170
\@belowrulesep=\dimen171
\@thisruleclass=\count284
\@lastruleclass=\count285
\@thisrulewidth=\dimen172
)
(C:\Users\maste\AppData\Local\Programs\MiKTeX\tex/latex/tools\array.sty
Package: array 2022/09/04 v2.5g Tabular extension package (FMi)
\col@sep=\dimen173
\ar@mcellbox=\box59
\extrarowheight=\dimen174
\NC@list=\toks29
\extratabsurround=\skip58
\backup@length=\skip59
\ar@cellbox=\box60
)
(C:\Users\maste\AppData\Local\Programs\MiKTeX\tex/latex/tools\calc.sty
Package: calc 2017/05/25 v4.3 Infix arithmetic (KKT,FJ)
\calc@Acount=\count286
\calc@Bcount=\count287
\calc@Adimen=\dimen175
\calc@Bdimen=\dimen176
\calc@Askip=\skip60
\calc@Bskip=\skip61
LaTeX Info: Redefining \setlength on input line 80.
LaTeX Info: Redefining \addtolength on input line 81.
\calc@Ccount=\count288
\calc@Cskip=\skip62
)
(C:\Users\maste\AppData\Local\Programs\MiKTeX\tex/latex/footnotehyper\footnoteh
yper.sty
Package: footnotehyper 2021/08/13 v1.1e hyperref aware footnote.sty (JFB)
\FNH@notes=\box61
\FNH@width=\dimen177
\FNH@toks=\toks30
)
(C:\Users\maste\AppData\Local\Programs\MiKTeX\tex/latex/graphics\graphicx.sty
Package: graphicx 2021/09/16 v1.2d Enhanced LaTeX Graphics (DPC,SPQR)

(C:\Users\maste\AppData\Local\Programs\MiKTeX\tex/latex/graphics\graphics.sty
Package: graphics 2022/03/10 v1.4e Standard LaTeX Graphics (DPC,SPQR)

(C:\Users\maste\AppData\Local\Programs\MiKTeX\tex/latex/graphics\trig.sty
Package: trig 2021/08/11 v1.11 sin cos tan (DPC)
)
(C:\Users\maste\AppData\Local\Programs\MiKTeX\tex/latex/graphics-cfg\graphics.c
fg
File: graphics.cfg 2016/06/04 v1.11 sample graphics configuration
)
Package graphics Info: Driver file: pdftex.def on input line 107.
)
\Gin@req@height=\dimen178
\Gin@req@width=\dimen179
)
(C:\Users\maste\AppData\Local\Programs\MiKTeX\tex/latex/bookmark\bookmark.sty
Package: bookmark 2020-11-06 v1.29 PDF bookmarks (HO)

(C:\Users\maste\AppData\Local\Programs\MiKTeX\tex/latex/hyperref\hyperref.sty
Package: hyperref 2023-07-08 v7.01b Hypertext links for LaTeX

(C:\Users\maste\AppData\Local\Programs\MiKTeX\tex/generic/pdftexcmds\pdftexcmds
.sty
Package: pdftexcmds 2020-06-27 v0.33 Utility functions of pdfTeX for LuaTeX (HO
)

(C:\Users\maste\AppData\Local\Programs\MiKTeX\tex/generic/infwarerr\infwarerr.s
ty
Package: infwarerr 2019/12/03 v1.5 Providing info/warning/error messages (HO)
)
Package pdftexcmds Info: \pdf@primitive is available.
Package pdftexcmds Info: \pdf@ifprimitive is available.
Package pdftexcmds Info: \pdfdraftmode found.
)
(C:\Users\maste\AppData\Local\Programs\MiKTeX\tex/generic/kvdefinekeys\kvdefine
keys.sty
Package: kvdefinekeys 2019-12-19 v1.6 Define keys (HO)
)
(C:\Users\maste\AppData\Local\Programs\MiKTeX\tex/generic/pdfescape\pdfescape.s
ty
Package: pdfescape 2019/12/09 v1.15 Implements pdfTeX's escape features (HO)
) (C:\Users\maste\AppData\Local\Programs\MiKTeX\tex/latex/hycolor\hycolor.sty
Package: hycolor 2020-01-27 v1.10 Color options for hyperref/bookmark (HO)
)
(C:\Users\maste\AppData\Local\Programs\MiKTeX\tex/latex/letltxmacro\letltxmacro
.sty
Package: letltxmacro 2019/12/03 v1.6 Let assignment for LaTeX macros (HO)
)
(C:\Users\maste\AppData\Local\Programs\MiKTeX\tex/latex/auxhook\auxhook.sty
Package: auxhook 2019-12-17 v1.6 Hooks for auxiliary files (HO)
)
(C:\Users\maste\AppData\Local\Programs\MiKTeX\tex/latex/hyperref\nameref.sty
Package: nameref 2023-08-07 v2.53 Cross-referencing by name of section

(C:\Users\maste\AppData\Local\Programs\MiKTeX\tex/latex/refcount\refcount.sty
Package: refcount 2019/12/15 v3.6 Data extraction from label references (HO)
)
(C:\Users\maste\AppData\Local\Programs\MiKTeX\tex/generic/gettitlestring\gettit
lestring.sty
Package: gettitlestring 2019/12/15 v1.6 Cleanup title references (HO)
)
\c@section@level=\count289
)
\@linkdim=\dimen180
\Hy@linkcounter=\count290
\Hy@pagecounter=\count291

(C:\Users\maste\AppData\Local\Programs\MiKTeX\tex/latex/hyperref\pd1enc.def
File: pd1enc.def 2023-07-08 v7.01b Hyperref: PDFDocEncoding definition (HO)
Now handling font encoding PD1 ...
... no UTF-8 mapping file for font encoding PD1
)
(C:\Users\maste\AppData\Local\Programs\MiKTeX\tex/generic/intcalc\intcalc.sty
Package: intcalc 2019/12/15 v1.3 Expandable calculations with integers (HO)
)
\Hy@SavedSpaceFactor=\count292

(C:\Users\maste\AppData\Local\Programs\MiKTeX\tex/latex/hyperref\puenc.def
File: puenc.def 2023-07-08 v7.01b Hyperref: PDF Unicode definition (HO)
Now handling font encoding PU ...
... no UTF-8 mapping file for font encoding PU
)
Package hyperref Info: Option `unicode' set `true' on input line 4050.
Package hyperref Info: Hyper figures OFF on input line 4167.
Package hyperref Info: Link nesting OFF on input line 4172.
Package hyperref Info: Hyper index ON on input line 4175.
Package hyperref Info: Plain pages OFF on input line 4182.
Package hyperref Info: Backreferencing OFF on input line 4187.
Package hyperref Info: Implicit mode ON; LaTeX internals redefined.
Package hyperref Info: Bookmarks ON on input line 4434.
\c@Hy@tempcnt=\count293

(C:\Users\maste\AppData\Local\Programs\MiKTeX\tex/latex/url\url.sty
\Urlmuskip=\muskip17
Package: url 2013/09/16  ver 3.4  Verb mode for urls, etc.
)
LaTeX Info: Redefining \url on input line 4772.
\XeTeXLinkMargin=\dimen181

(C:\Users\maste\AppData\Local\Programs\MiKTeX\tex/generic/bitset\bitset.sty
Package: bitset 2019/12/09 v1.3 Handle bit-vector datatype (HO)

(C:\Users\maste\AppData\Local\Programs\MiKTeX\tex/generic/bigintcalc\bigintcalc
.sty
Package: bigintcalc 2019/12/15 v1.5 Expandable calculations on big integers (HO
)
))
\Fld@menulength=\count294
\Field@Width=\dimen182
\Fld@charsize=\dimen183
Package hyperref Info: Hyper figures OFF on input line 6051.
Package hyperref Info: Link nesting OFF on input line 6056.
Package hyperref Info: Hyper index ON on input line 6059.
Package hyperref Info: backreferencing OFF on input line 6066.
Package hyperref Info: Link coloring OFF on input line 6071.
Package hyperref Info: Link coloring with OCG OFF on input line 6076.
Package hyperref Info: PDF/A mode OFF on input line 6081.

(C:\Users\maste\AppData\Local\Programs\MiKTeX\tex/latex/base\atbegshi-ltx.sty
Package: atbegshi-ltx 2021/01/10 v1.0c Emulation of the original atbegshi
package with kernel methods
)
\Hy@abspage=\count295
\c@Item=\count296
\c@Hfootnote=\count297
)
Package hyperref Info: Driver (autodetected): hpdftex.
(C:\Users\maste\AppData\Local\Programs\MiKTeX\tex/latex/hyperref\hpdftex.def
File: hpdftex.def 2023-07-08 v7.01b Hyperref driver for pdfTeX

(C:\Users\maste\AppData\Local\Programs\MiKTeX\tex/latex/base\atveryend-ltx.sty
Package: atveryend-ltx 2020/08/19 v1.0a Emulation of the original atveryend pac
kage
with kernel methods
)
\Fld@listcount=\count298
\c@bookmark@seq@number=\count299

(C:\Users\maste\AppData\Local\Programs\MiKTeX\tex/latex/rerunfilecheck\rerunfil
echeck.sty
Package: rerunfilecheck 2022-07-10 v1.10 Rerun checks for auxiliary files (HO)

(C:\Users\maste\AppData\Local\Programs\MiKTeX\tex/generic/uniquecounter\uniquec
ounter.sty
Package: uniquecounter 2019/12/15 v1.4 Provide unlimited unique counter (HO)
)
Package uniquecounter Info: New unique counter `rerunfilecheck' on input line 2
85.
)
\Hy@SectionHShift=\skip63
)
(C:\Users\maste\AppData\Local\Programs\MiKTeX\tex/latex/bookmark\bkm-pdftex.def
File: bkm-pdftex.def 2020-11-06 v1.29 bookmark driver for pdfTeX (HO)
\BKM@id=\count300
)) (C:\Users\maste\AppData\Local\Programs\MiKTeX\tex/latex/xurl\xurl.sty
Package: xurl 2022/01/09 v 0.10 modify URL breaks
)
LaTeX Font Info:    Trying to load font information for T1+lmr on input line 80
.

(C:\Users\maste\AppData\Local\Programs\MiKTeX\tex/latex/lm\t1lmr.fd
File: t1lmr.fd 2015/05/01 v1.6.1 Font defs for Latin Modern
)
(C:\Users\maste\AppData\Local\Programs\MiKTeX\tex/latex/l3backend\l3backend-pdf
tex.def
File: l3backend-pdftex.def 2023-04-19 L3 backend support: PDF output (pdfTeX)
\l__color_backend_stack_int=\count301
\l__pdf_internal_box=\box62
)
No file "Computational Methods Assignment".aux.
\openout1 = `"Computational Methods Assignment.aux"'.

LaTeX Font Info:    Checking defaults for OML/cmm/m/it on input line 80.
LaTeX Font Info:    ... okay on input line 80.
LaTeX Font Info:    Checking defaults for OMS/cmsy/m/n on input line 80.
LaTeX Font Info:    ... okay on input line 80.
LaTeX Font Info:    Checking defaults for OT1/cmr/m/n on input line 80.
LaTeX Font Info:    ... okay on input line 80.
LaTeX Font Info:    Checking defaults for T1/cmr/m/n on input line 80.
LaTeX Font Info:    ... okay on input line 80.
LaTeX Font Info:    Checking defaults for TS1/cmr/m/n on input line 80.
LaTeX Font Info:    ... okay on input line 80.
LaTeX Font Info:    Checking defaults for OMX/cmex/m/n on input line 80.
LaTeX Font Info:    ... okay on input line 80.
LaTeX Font Info:    Checking defaults for U/cmr/m/n on input line 80.
LaTeX Font Info:    ... okay on input line 80.
LaTeX Font Info:    Checking defaults for PD1/pdf/m/n on input line 80.
LaTeX Font Info:    ... okay on input line 80.
LaTeX Font Info:    Checking defaults for PU/pdf/m/n on input line 80.
LaTeX Font Info:    ... okay on input line 80.
LaTeX Info: Redefining \microtypecontext on input line 80.
Package microtype Info: Applying patch `item' on input line 80.
Package microtype Info: Applying patch `toc' on input line 80.
Package microtype Info: Applying patch `eqnum' on input line 80.
Package microtype Info: Applying patch `footnote' on input line 80.
Package microtype Info: Applying patch `verbatim' on input line 80.
Package microtype Info: Generating PDF output.
Package microtype Info: Character protrusion enabled (level 2).
Package microtype Info: Using protrusion set `basicmath'.
Package microtype Info: Automatic font expansion enabled (level 2),
(microtype)             stretch: 20, shrink: 20, step: 1, non-selected.
Package microtype Info: Using default expansion set `alltext-nott'.
LaTeX Info: Redefining \showhyphens on input line 80.
Package microtype Info: No adjustment of tracking.
Package microtype Info: No adjustment of interword spacing.
Package microtype Info: No adjustment of character kerning.
(C:\Users\maste\AppData\Local\Programs\MiKTeX\tex/latex/microtype\mt-cmr.cfg
File: mt-cmr.cfg 2013/05/19 v2.2 microtype config. file: Computer Modern Roman 
(RS)
)
(C:\Users\maste\AppData\Local\Programs\MiKTeX\tex/context/base/mkii\supp-pdf.mk
ii
[Loading MPS to PDF converter (version 2006.09.02).]
\scratchcounter=\count302
\scratchdimen=\dimen184
\scratchbox=\box63
\nofMPsegments=\count303
\nofMParguments=\count304
\everyMPshowfont=\toks31
\MPscratchCnt=\count305
\MPscratchDim=\dimen185
\MPnumerator=\count306
\makeMPintoPDFobject=\count307
\everyMPtoPDFconversion=\toks32
)
(C:\Users\maste\AppData\Local\Programs\MiKTeX\tex/latex/epstopdf-pkg\epstopdf-b
ase.sty
Package: epstopdf-base 2020-01-24 v2.11 Base part for package epstopdf
Package epstopdf-base Info: Redefining graphics rule for `.eps' on input line 4
85.

(C:\Users\maste\AppData\Local\Programs\MiKTeX\tex/latex/00miktex\epstopdf-sys.c
fg
File: epstopdf-sys.cfg 2021/03/18 v2.0 Configuration of epstopdf for MiKTeX
))
*geometry* driver: auto-detecting
*geometry* detected driver: pdftex
*geometry* verbose mode - [ preamble ] result:
* driver: pdftex
* paper: <default>
* layout: <same size as paper>
* layoutoffset:(h,v)=(0.0pt,0.0pt)
* modes: 
* h-part:(L,W,R)=(85.35826pt, 443.57848pt, 85.35826pt)
* v-part:(T,H,B)=(95.39737pt, 556.47656pt, 143.09605pt)
* \paperwidth=614.295pt
* \paperheight=794.96999pt
* \textwidth=443.57848pt
* \textheight=556.47656pt
* \oddsidemargin=13.08827pt
* \evensidemargin=13.08827pt
* \topmargin=-13.87262pt
* \headheight=12.0pt
* \headsep=25.0pt
* \topskip=10.0pt
* \footskip=30.0pt
* \marginparwidth=65.0pt
* \marginparsep=11.0pt
* \columnsep=10.0pt
* \skip\footins=9.0pt plus 4.0pt minus 2.0pt
* \hoffset=0.0pt
* \voffset=0.0pt
* \mag=1000
* \@twocolumnfalse
* \@twosidefalse
* \@mparswitchfalse
* \@reversemarginfalse
* (1in=72.27pt=25.4mm, 1cm=28.453pt)

Package hyperref Info: Link coloring OFF on input line 80.
<diagrams/Assignment planets diagram.png, id=3, 632.3625pt x 472.76625pt>
File: diagrams/Assignment planets diagram.png Graphic file (type png)
<use diagrams/Assignment planets diagram.png>
Package pdftex.def Info: diagrams/Assignment planets diagram.png  used on input
 line 84.
(pdftex.def)             Requested size: 221.78369pt x 165.80971pt.
LaTeX Font Info:    Trying to load font information for T1+lmtt on input line 8
9.
(C:\Users\maste\AppData\Local\Programs\MiKTeX\tex/latex/lm\t1lmtt.fd
File: t1lmtt.fd 2015/05/01 v1.6.1 Font defs for Latin Modern
)
Overfull \hbox (123.41988pt too wide) in paragraph at lines 188--188
[]\T1/lmtt/m/n/10 Let adjacency_matrix = {{0,10,15,12,20}, {10,0,12,25,14}, {15
,12,0,16,28}, {12,25,16,0,17}, {20,14,28,17,0}}[] 
 []

[1

{C:/Users/maste/AppData/Local/MiKTeX/fonts/map/pdftex/pdftex.map}{C:/Users/mast
e/AppData/Local/Programs/MiKTeX/fonts/enc/dvips/lm/lm-ec.enc} <./diagrams/Assig
nment planets diagram.png>] [2]
Overfull \hbox (102.41994pt too wide) in paragraph at lines 264--264
[]\T1/lmtt/m/n/10 adjacency_matrix = [[0,10,15,12,20], [10,0,12,25,14], [15,12,
0,16,28], [12,25,16,0,17], [20,14,28,17,0]][] 
 []

[3]
Overfull \hbox (18.42018pt too wide) in paragraph at lines 264--264
[]    \T1/lmtt/m/n/10 csv_data += str(calculate_fuel_cost(seq[0], seql[1], seq[
2], seq[3], seq[4])) + "\n"[] 
 []

[4]
LaTeX Font Info:    Trying to load font information for OT1+lmr on input line 2
78.
 (C:\Users\maste\AppData\Local\Programs\MiKTeX\tex/latex/lm\ot1lmr.fd
File: ot1lmr.fd 2015/05/01 v1.6.1 Font defs for Latin Modern
)
LaTeX Font Info:    Trying to load font information for OML+lmm on input line 2
78.

(C:\Users\maste\AppData\Local\Programs\MiKTeX\tex/latex/lm\omllmm.fd
File: omllmm.fd 2015/05/01 v1.6.1 Font defs for Latin Modern
)
LaTeX Font Info:    Trying to load font information for OMS+lmsy on input line 
278.

(C:\Users\maste\AppData\Local\Programs\MiKTeX\tex/latex/lm\omslmsy.fd
File: omslmsy.fd 2015/05/01 v1.6.1 Font defs for Latin Modern
)
LaTeX Font Info:    Trying to load font information for OMX+lmex on input line 
278.

(C:\Users\maste\AppData\Local\Programs\MiKTeX\tex/latex/lm\omxlmex.fd
File: omxlmex.fd 2015/05/01 v1.6.1 Font defs for Latin Modern
)
LaTeX Font Info:    External font `lmex10' loaded for size
(Font)              <10> on input line 278.
LaTeX Font Info:    External font `lmex10' loaded for size
(Font)              <7> on input line 278.
LaTeX Font Info:    External font `lmex10' loaded for size
(Font)              <5> on input line 278.
LaTeX Font Info:    Trying to load font information for U+msa on input line 278
.

(C:\Users\maste\AppData\Local\Programs\MiKTeX\tex/latex/amsfonts\umsa.fd
File: umsa.fd 2013/01/14 v3.01 AMS symbols A
)
(C:\Users\maste\AppData\Local\Programs\MiKTeX\tex/latex/microtype\mt-msa.cfg
File: mt-msa.cfg 2006/02/04 v1.1 microtype config. file: AMS symbols (a) (RS)
)
LaTeX Font Info:    Trying to load font information for U+msb on input line 278
.

(C:\Users\maste\AppData\Local\Programs\MiKTeX\tex/latex/amsfonts\umsb.fd
File: umsb.fd 2013/01/14 v3.01 AMS symbols B
)
(C:\Users\maste\AppData\Local\Programs\MiKTeX\tex/latex/microtype\mt-msb.cfg
File: mt-msb.cfg 2005/06/01 v1.0 microtype config. file: AMS symbols (b) (RS)
)
Overfull \hbox (8.70316pt too wide) in paragraph at lines 325--326
[]\T1/lmr/m/n/10 (-20) start  
 []


Overfull \hbox (8.49567pt too wide) in paragraph at lines 327--328
[]\T1/lmr/m/n/10 (-20) end  
 []


Overfull \hbox (3.05127pt too wide) in paragraph at lines 341--341
[]|\T1/lmr/m/n/10 (-20) 10|  
 []


Overfull \hbox (3.05127pt too wide) in paragraph at lines 341--341
[]|\T1/lmr/m/n/10 (-20) 15|  
 []


Overfull \hbox (3.05127pt too wide) in paragraph at lines 341--341
[]|\T1/lmr/m/n/10 (-20) 12|  
 []


Overfull \hbox (3.05127pt too wide) in paragraph at lines 341--341
[]|\T1/lmr/m/n/10 (-20) 12|  
 []


Overfull \hbox (3.05127pt too wide) in paragraph at lines 341--341
[]|\T1/lmr/m/n/10 (-20) 25|  
 []


Overfull \hbox (3.05127pt too wide) in paragraph at lines 341--341
[]|\T1/lmr/m/n/10 (-20) 16|  
 []


Overfull \hbox (3.05127pt too wide) in paragraph at lines 341--341
[]|\T1/lmr/m/n/10 (-20) 20|  
 []


Overfull \hbox (3.05127pt too wide) in paragraph at lines 341--341
[]|\T1/lmr/m/n/10 (-20) 14|  
 []


Overfull \hbox (3.05127pt too wide) in paragraph at lines 341--341
[]|\T1/lmr/m/n/10 (-20) 28|  
 []


Overfull \hbox (3.05127pt too wide) in paragraph at lines 341--341
[]|\T1/lmr/m/n/10 (-20) 17|  
 []


Overfull \hbox (3.05127pt too wide) in paragraph at lines 341--341
[]|\T1/lmr/m/n/10 (-20) 10|  
 []


Overfull \hbox (3.05127pt too wide) in paragraph at lines 343--343
[]|\T1/lmr/m/n/10 (-20) 10|  
 []


Overfull \hbox (3.05127pt too wide) in paragraph at lines 344--344
[]|\T1/lmr/m/n/10 (-20) 10|  
 []


Overfull \hbox (3.05127pt too wide) in paragraph at lines 345--345
[]|\T1/lmr/m/n/10 (-20) 10|  
 []


Overfull \hbox (3.05127pt too wide) in paragraph at lines 346--346
[]|\T1/lmr/m/n/10 (-20) 10|  
 []


Overfull \hbox (3.05127pt too wide) in paragraph at lines 347--347
[]|\T1/lmr/m/n/10 (-20) 10|  
 []


Overfull \hbox (3.05127pt too wide) in paragraph at lines 349--349
[]|\T1/lmr/m/n/10 (-20) 10|  
 []


Overfull \hbox (3.05127pt too wide) in paragraph at lines 349--349
[]|\T1/lmr/m/n/10 (-20) 15|  
 []


Overfull \hbox (3.05127pt too wide) in paragraph at lines 349--349
[]|\T1/lmr/m/n/10 (-20) 12|  
 []


Overfull \hbox (3.05127pt too wide) in paragraph at lines 349--349
[]|\T1/lmr/m/n/10 (-20) 12|  
 []


Overfull \hbox (3.05127pt too wide) in paragraph at lines 349--349
[]|\T1/lmr/m/n/10 (-20) 17|  
 []


Overfull \hbox (3.05127pt too wide) in paragraph at lines 349--349
[]|\T1/lmr/m/n/10 (-20) 16|  
 []


Overfull \hbox (3.05127pt too wide) in paragraph at lines 349--349
[]|\T1/lmr/m/n/10 (-20) 20|  
 []


Overfull \hbox (3.05127pt too wide) in paragraph at lines 349--349
[]|\T1/lmr/m/n/10 (-20) 14|  
 []


Overfull \hbox (3.05127pt too wide) in paragraph at lines 349--349
[]|\T1/lmr/m/n/10 (-20) 28|  
 []


Overfull \hbox (3.05127pt too wide) in paragraph at lines 349--349
[]|\T1/lmr/m/n/10 (-20) 25|  
 []


Overfull \hbox (3.05127pt too wide) in paragraph at lines 357--357
[]|\T1/lmr/m/n/10 (-20) 10|  
 []


Overfull \hbox (3.05127pt too wide) in paragraph at lines 357--357
[]|\T1/lmr/m/n/10 (-20) 15|  
 []


Overfull \hbox (3.05127pt too wide) in paragraph at lines 357--357
[]|\T1/lmr/m/n/10 (-20) 12|  
 []


Overfull \hbox (3.05127pt too wide) in paragraph at lines 357--357
[]|\T1/lmr/m/n/10 (-20) 12|  
 []


Overfull \hbox (3.05127pt too wide) in paragraph at lines 357--357
[]|\T1/lmr/m/n/10 (-20) 17|  
 []


Overfull \hbox (3.05127pt too wide) in paragraph at lines 357--357
[]|\T1/lmr/m/n/10 (-20) 16|  
 []


Overfull \hbox (3.05127pt too wide) in paragraph at lines 357--357
[]|\T1/lmr/m/n/10 (-20) 20|  
 []


Overfull \hbox (3.05127pt too wide) in paragraph at lines 357--357
[]|\T1/lmr/m/n/10 (-20) 14|  
 []


Overfull \hbox (3.05127pt too wide) in paragraph at lines 366--366
[]|\T1/lmr/m/n/10 (-20) 10|  
 []


Overfull \hbox (3.05127pt too wide) in paragraph at lines 366--366
[]|\T1/lmr/m/n/10 (-20) 12|  
 []


Overfull \hbox (3.05127pt too wide) in paragraph at lines 366--366
[]|\T1/lmr/m/n/10 (-20) 12|  
 []


Overfull \hbox (3.05127pt too wide) in paragraph at lines 366--366
[]|\T1/lmr/m/n/10 (-20) 15|  
 []


Overfull \hbox (3.05127pt too wide) in paragraph at lines 366--366
[]|\T1/lmr/m/n/10 (-20) 17|  
 []


Overfull \hbox (3.05127pt too wide) in paragraph at lines 366--366
[]|\T1/lmr/m/n/10 (-20) 16|  
 []


Overfull \hbox (3.05127pt too wide) in paragraph at lines 366--366
[]|\T1/lmr/m/n/10 (-20) 20|  
 []


Overfull \hbox (3.05127pt too wide) in paragraph at lines 366--366
[]|\T1/lmr/m/n/10 (-20) 14|  
 []


Overfull \hbox (3.05127pt too wide) in paragraph at lines 370--370
[]|\T1/lmr/m/n/10 (-20) 10|  
 []


Overfull \hbox (3.05127pt too wide) in paragraph at lines 370--370
[]|\T1/lmr/m/n/10 (-20) 12|  
 []


Overfull \hbox (3.05127pt too wide) in paragraph at lines 375--375
[]|\T1/lmr/m/n/10 (-20) 12|  
 []


Overfull \hbox (3.05127pt too wide) in paragraph at lines 375--375
[]|\T1/lmr/m/n/10 (-20) 15|  
 []


Overfull \hbox (3.05127pt too wide) in paragraph at lines 375--375
[]|\T1/lmr/m/n/10 (-20) 17|  
 []


Overfull \hbox (3.05127pt too wide) in paragraph at lines 375--375
[]|\T1/lmr/m/n/10 (-20) 16|  
 []


Overfull \hbox (3.05127pt too wide) in paragraph at lines 375--375
[]|\T1/lmr/m/n/10 (-20) 20|  
 []


Overfull \hbox (3.05127pt too wide) in paragraph at lines 375--375
[]|\T1/lmr/m/n/10 (-20) 14|  
 []


Overfull \hbox (3.05127pt too wide) in paragraph at lines 381--381
[]|\T1/lmr/m/n/10 (-20) 12|  
 []


Overfull \hbox (3.05127pt too wide) in paragraph at lines 381--381
[]|\T1/lmr/m/n/10 (-20) 15|  
 []


Overfull \hbox (3.05127pt too wide) in paragraph at lines 381--381
[]|\T1/lmr/m/n/10 (-20) 14|  
 []


Overfull \hbox (3.05127pt too wide) in paragraph at lines 381--381
[]|\T1/lmr/m/n/10 (-20) 16|  
 []


Overfull \hbox (3.05127pt too wide) in paragraph at lines 381--381
[]|\T1/lmr/m/n/10 (-20) 20|  
 []


Overfull \hbox (3.05127pt too wide) in paragraph at lines 381--381
[]|\T1/lmr/m/n/10 (-20) 17|  
 []


Overfull \hbox (3.05127pt too wide) in paragraph at lines 386--386
[]|\T1/lmr/m/n/10 (-20) 12|  
 []


Overfull \hbox (3.05127pt too wide) in paragraph at lines 386--386
[]|\T1/lmr/m/n/10 (-20) 15|  
 []


Overfull \hbox (3.05127pt too wide) in paragraph at lines 386--386
[]|\T1/lmr/m/n/10 (-20) 14|  
 []


Overfull \hbox (3.05127pt too wide) in paragraph at lines 386--386
[]|\T1/lmr/m/n/10 (-20) 16|  
 []


Overfull \hbox (3.05127pt too wide) in paragraph at lines 392--392
[]|\T1/lmr/m/n/10 (-20) 12|  
 []


Overfull \hbox (3.05127pt too wide) in paragraph at lines 392--392
[]|\T1/lmr/m/n/10 (-20) 14|  
 []


Overfull \hbox (3.05127pt too wide) in paragraph at lines 392--392
[]|\T1/lmr/m/n/10 (-20) 15|  
 []


Overfull \hbox (3.05127pt too wide) in paragraph at lines 392--392
[]|\T1/lmr/m/n/10 (-20) 16|  
 []


Overfull \hbox (3.05127pt too wide) in paragraph at lines 395--395
[]|\T1/lmr/m/n/10 (-20) 12|  
 []


Overfull \hbox (3.05127pt too wide) in paragraph at lines 395--395
[]|\T1/lmr/m/n/10 (-20) 14|  
 []


Overfull \hbox (3.05127pt too wide) in paragraph at lines 400--400
[]|\T1/lmr/m/n/10 (-20) 15|  
 []


Overfull \hbox (3.05127pt too wide) in paragraph at lines 400--400
[]|\T1/lmr/m/n/10 (-20) 16|  
 []


Overfull \hbox (3.05127pt too wide) in paragraph at lines 405--405
[]|\T1/lmr/m/n/10 (-20) 20|  
 []


Overfull \hbox (3.05127pt too wide) in paragraph at lines 405--405
[]|\T1/lmr/m/n/10 (-20) 17|  
 []


Overfull \hbox (3.05127pt too wide) in paragraph at lines 409--409
[]|\T1/lmr/m/n/10 (-20) 17|  
 []


Overfull \hbox (3.05127pt too wide) in paragraph at lines 409--409
[]|\T1/lmr/m/n/10 (-20) 20|  
 []


Overfull \hbox (3.05127pt too wide) in paragraph at lines 412--412
[]|\T1/lmr/m/n/10 (-20) 28|  
 []


Overfull \hbox (3.05127pt too wide) in paragraph at lines 412--412
[]|\T1/lmr/m/n/10 (-20) 25|  
 []


Overfull \hbox (3.05127pt too wide) in paragraph at lines 412--412
[]|\T1/lmr/m/n/10 (-20) 10|  
 []


Overfull \hbox (3.05127pt too wide) in paragraph at lines 413--413
[]|\T1/lmr/m/n/10 (-20) 10|  
 []


Overfull \hbox (3.05127pt too wide) in paragraph at lines 416--416
[]|\T1/lmr/m/n/10 (-20) 25|  
 []


Overfull \hbox (3.05127pt too wide) in paragraph at lines 416--416
[]|\T1/lmr/m/n/10 (-20) 28|  
 []


Overfull \hbox (3.05127pt too wide) in paragraph at lines 419--419
[]|\T1/lmr/m/n/10 (-20) 10|  
 []


Overfull \hbox (3.05127pt too wide) in paragraph at lines 419--419
[]|\T1/lmr/m/n/10 (-20) 12|  
 []


Overfull \hbox (3.05127pt too wide) in paragraph at lines 419--419
[]|\T1/lmr/m/n/10 (-20) 12|  
 []


Overfull \hbox (3.05127pt too wide) in paragraph at lines 419--419
[]|\T1/lmr/m/n/10 (-20) 14|  
 []


Overfull \hbox (3.05127pt too wide) in paragraph at lines 419--419
[]|\T1/lmr/m/n/10 (-20) 15|  
 []


Overfull \hbox (3.05127pt too wide) in paragraph at lines 419--419
[]|\T1/lmr/m/n/10 (-20) 16|  
 []


Overfull \hbox (3.05127pt too wide) in paragraph at lines 419--419
[]|\T1/lmr/m/n/10 (-20) 17|  
 []


Overfull \hbox (3.05127pt too wide) in paragraph at lines 419--419
[]|\T1/lmr/m/n/10 (-20) 20|  
 []


Overfull \hbox (3.05127pt too wide) in paragraph at lines 419--419
[]|\T1/lmr/m/n/10 (-20) 25|  
 []


Overfull \hbox (3.05127pt too wide) in paragraph at lines 419--419
[]|\T1/lmr/m/n/10 (-20) 28|  
 []

[5{C:/Users/maste/AppData/Local/Programs/MiKTeX/fonts/enc/dvips/lm/lm-mathit.en
c}{C:/Users/maste/AppData/Local/Programs/MiKTeX/fonts/enc/dvips/lm/lm-rm.enc}{C
:/Users/maste/AppData/Local/Programs/MiKTeX/fonts/enc/dvips/lm/lm-mathsy.enc}]
[6]
Overfull \hbox (18.42018pt too wide) in paragraph at lines 480--480
[]        \T1/lmtt/m/n/10 // Return the partition point if i and j meet/cross, 
otherwise swap their values[] 
 []

[7]
<diagrams/Greedy strategy.png, id=45, 880.28876pt x 712.6625pt>
File: diagrams/Greedy strategy.png Graphic file (type png)
<use diagrams/Greedy strategy.png>
Package pdftex.def Info: diagrams/Greedy strategy.png  used on input line 499.
(pdftex.def)             Requested size: 221.77753pt x 179.54622pt.
 [8] [9 <./diagrams/Greedy strategy.png>]
Overfull \hbox (133.91985pt too wide) in paragraph at lines 660--660
[]\T1/lmtt/m/n/10 Let adjacency_matrix = { {0,10,15,12,20}, {10,0,12,25,14}, {1
5,12,0,16,28}, {12,25,16,0,17}, {20,14,28,17,0} }[] 
 []

[10]
LaTeX Font Info:    Trying to load font information for TS1+lmtt on input line 
660.
 (C:\Users\maste\AppData\Local\Programs\MiKTeX\tex/latex/lm\ts1lmtt.fd
File: ts1lmtt.fd 2015/05/01 v1.6.1 Font defs for Latin Modern
)
[11{C:/Users/maste/AppData/Local/Programs/MiKTeX/fonts/enc/dvips/lm/lm-ts1.enc}
]
Overfull \hbox (7.92021pt too wide) in paragraph at lines 786--786
[]    \T1/lmtt/m/n/10 string node_names[NUM_PLANETS] = { "alpha", "beta", "gamm
a", "delta", "epsilon" };[] 
 []

[12]
Overfull \hbox (296.66937pt too wide) in paragraph at lines 786--786
[]    \T1/lmtt/m/n/10 int adjacency_matrix[NUM_PLANETS][NUM_PLANETS] = { {0,10,
15,12,20}, {10,0,12,25,14}, {15,12,0,16,28}, {12,25,16,0,17}, {20,14,28,17,0} }
;[] 
 []


Overfull \hbox (123.41988pt too wide) in paragraph at lines 786--786
[]            \T1/lmtt/m/n/10 p_origin->links.push_back(pair<planet*, int>(plan
ets[i], adjacency_matrix[i][p_origin->index]));[] 
 []

[13] [14] [15]
Overfull \hbox (7.92021pt too wide) in paragraph at lines 1073--1073
[]\T1/lmtt/m/n/10 // only supports up to 255 nodes, since each node reference i
s only a single byte/char[] 
 []


Overfull \hbox (2.67023pt too wide) in paragraph at lines 1073--1073
[]\T1/lmtt/m/n/10 // sort a string sequence alphabetically, but excluding the f
irst and last characters[] 
 []

[16] [17]
Overfull \hbox (49.92009pt too wide) in paragraph at lines 1073--1073
[]    \T1/lmtt/m/n/10 // new child nodes which are the best route starting at s
tring[0] and ending at string[-1][] 
 []


Overfull \hbox (81.42pt too wide) in paragraph at lines 1073--1073
[]    \T1/lmtt/m/n/10 // repeat until we reach a block containing cells represe
nting entire routes through the network[] 
 []

[18]
Overfull \hbox (139.16983pt too wide) in paragraph at lines 1073--1073
[]            \T1/lmtt/m/n/10 // calculate the costs of each possible child nod
e (table cell) from the current parent (table row)[] 
 []


Overfull \hbox (102.41994pt too wide) in paragraph at lines 1073--1073
[]                    \T1/lmtt/m/n/10 // create a new child node (table cell) a
nd calculate its cumulative weight and cost[] 
 []


Overfull \hbox (280.91942pt too wide) in paragraph at lines 1073--1073
[]                        \T1/lmtt/m/n/10 parent->cumulative_cost + (parent->cu
mulative_weight * adjacency[parent->last_planet - NODE_ZERO][c - NODE_ZERO]),[]
 
 []


Overfull \hbox (70.92003pt too wide) in paragraph at lines 1073--1073
[]                        \T1/lmtt/m/n/10 // check to see if this node represen
ts the cheapest way to travel between[] 
 []


Overfull \hbox (7.92021pt too wide) in paragraph at lines 1073--1073
[]                        \T1/lmtt/m/n/10 // if there are no other routes like 
this, it must be the best[] 
 []


Overfull \hbox (165.41975pt too wide) in paragraph at lines 1073--1073
[]                        \T1/lmtt/m/n/10 if (current_best == next_block_routes
.end()) next_block_routes.insert({ sorted_seq, node });[] 
 []


Overfull \hbox (123.41988pt too wide) in paragraph at lines 1073--1073
[]                        \T1/lmtt/m/n/10 // if there are other routes and this
 one is the cheapest, update it as the cheapest[] 
 []


Overfull \hbox (265.16946pt too wide) in paragraph at lines 1073--1073
[]                        \T1/lmtt/m/n/10 else if (node->cumulative_cost < (*cu
rrent_best).second->cumulative_cost) next_block_routes[sorted_seq] = node;[] 
 []


Overfull \hbox (107.66992pt too wide) in paragraph at lines 1073--1073
[]                        \T1/lmtt/m/n/10 // add the node to the map so that we
 will compute its children in the next block[] 
 []

[19]
Overfull \hbox (81.42pt too wide) in paragraph at lines 1073--1073
[]        \T1/lmtt/m/n/10 // queue up the best routes (table cells) from the la
st block for evaluation in the next one[] 
 []


Overfull \hbox (128.66986pt too wide) in paragraph at lines 1073--1073
[]    \T1/lmtt/m/n/10 // finally iterate over the list of best routes (table ce
lls) in the last block and find the cheapest one[] 
 []


Overfull \hbox (202.16965pt too wide) in paragraph at lines 1073--1073
[]    \T1/lmtt/m/n/10 // return the node describing the best (cheapest) way of 
traversing the graph, starting at the specified starting point[] 
 []


Overfull \hbox (28.92015pt too wide) in paragraph at lines 1073--1073
[]        \T1/lmtt/m/n/10 for (unsigned char c : res->planets_sequence) cout <<
 names[c - NODE_ZERO] << " ";[] 
 []

[20] [21{C:/Users/maste/AppData/Local/Programs/MiKTeX/fonts/enc/dvips/lm/lm-mat
hex.enc}]
LaTeX Font Info:    External font `lmex10' loaded for size
(Font)              <8> on input line 1219.
LaTeX Font Info:    External font `lmex10' loaded for size
(Font)              <6> on input line 1219.
 [22]
<diagrams/Complicated Gallery.png, id=127, 354.32375pt x 325.215pt>
File: diagrams/Complicated Gallery.png Graphic file (type png)
<use diagrams/Complicated Gallery.png>
Package pdftex.def Info: diagrams/Complicated Gallery.png  used on input line 1
247.
(pdftex.def)             Requested size: 354.32828pt x 325.21916pt.
 [23 <./diagrams/Complicated Gallery.png>] [24]
(Computational Methods Assignment.aux)
 ***********
LaTeX2e <2023-06-01> patch level 1
L3 programming layer <2023-08-29>
 ***********


LaTeX Warning: Label(s) may have changed. Rerun to get cross-references right.

 ) 
Here is how much of TeX's memory you used:
 13884 strings out of 475248
 219070 string characters out of 5757812
 2123785 words of memory out of 5000000
 34997 multiletter control sequences out of 15000+600000
 615729 words of font info for 149 fonts, out of 8000000 for 9000
 1141 hyphenation exceptions out of 8191
 77i,8n,81p,1033b,677s stack positions out of 10000i,1000n,20000p,200000b,200000s
<C:/Users/maste/AppData/Local/Programs/MiKTeX/fonts/type1/public/lm/lmbx10.pf
b><C:/Users/maste/AppData/Local/Programs/MiKTeX/fonts/type1/public/lm/lmbx12.pf
b><C:/Users/maste/AppData/Local/Programs/MiKTeX/fonts/type1/public/lm/lmex10.pf
b><C:/Users/maste/AppData/Local/Programs/MiKTeX/fonts/type1/public/lm/lmmi10.pf
b><C:/Users/maste/AppData/Local/Programs/MiKTeX/fonts/type1/public/lm/lmmi7.pfb
><C:/Users/maste/AppData/Local/Programs/MiKTeX/fonts/type1/public/lm/lmr10.pfb>
<C:/Users/maste/AppData/Local/Programs/MiKTeX/fonts/type1/public/lm/lmr6.pfb><C
:/Users/maste/AppData/Local/Programs/MiKTeX/fonts/type1/public/lm/lmr7.pfb><C:/
Users/maste/AppData/Local/Programs/MiKTeX/fonts/type1/public/lm/lmr8.pfb><C:/Us
ers/maste/AppData/Local/Programs/MiKTeX/fonts/type1/public/lm/lmri10.pfb><C:/Us
ers/maste/AppData/Local/Programs/MiKTeX/fonts/type1/public/lm/lmri8.pfb><C:/Use
rs/maste/AppData/Local/Programs/MiKTeX/fonts/type1/public/lm/lmsy10.pfb><C:/Use
rs/maste/AppData/Local/Programs/MiKTeX/fonts/type1/public/lm/lmsy7.pfb><C:/User
s/maste/AppData/Local/Programs/MiKTeX/fonts/type1/public/lm/lmtt10.pfb>
Output written on "Computational Methods Assignment.pdf" (24 pages, 428801 byte
s).
PDF statistics:
 234 PDF objects out of 1000 (max. 8388607)
 35 named destinations out of 1000 (max. 500000)
 28728 words of extra memory for PDF output out of 29859 (max. 10000000)

